<?xml version="1.0" encoding="UTF-8"?>
<testsuite xmlns:xsi="http://www.w3.org/2001/XMLSchema-instance" xsi:noNamespaceSchemaLocation="https://maven.apache.org/surefire/maven-surefire-plugin/xsd/surefire-test-report.xsd" version="3.0.2" name="de.uni_passau.fim.se2.sbse.suite_minimisation.chromosomes.TestSuiteChromosomeTest" time="0.011" tests="20" errors="0" skipped="0" failures="0">
  <properties>
[...]
</properties>
  <testcase name="selectedTestIndicesCorrect" classname="de.uni_passau.fim.se2.sbse.suite_minimisation.chromosomes.TestSuiteChromosomeTest" time="0.0"/>
  <testcase name="nullMutationAndCrossoverFallBackToIdentity" classname="de.uni_passau.fim.se2.sbse.suite_minimisation.chromosomes.TestSuiteChromosomeTest" time="0.0"/>
  <testcase name="copyIsEqualButNotSameObject" classname="de.uni_passau.fim.se2.sbse.suite_minimisation.chromosomes.TestSuiteChromosomeTest" time="0.0"/>
  <testcase name="getGenesReturnsDefensiveCopy" classname="de.uni_passau.fim.se2.sbse.suite_minimisation.chromosomes.TestSuiteChromosomeTest" time="0.0"/>
  <testcase name="toStringContainsBinaryRepresentation" classname="de.uni_passau.fim.se2.sbse.suite_minimisation.chromosomes.TestSuiteChromosomeTest" time="0.0"/>
  <testcase name="crossoverReturnsTwoValidChildren" classname="de.uni_passau.fim.se2.sbse.suite_minimisation.chromosomes.TestSuiteChromosomeTest" time="0.001"/>
  <testcase name="chromosomeAlwaysHasAtLeastOneTest" classname="de.uni_passau.fim.se2.sbse.suite_minimisation.chromosomes.TestSuiteChromosomeTest" time="0.0"/>
  <testcase name="lengthEqualsGeneArrayLength" classname="de.uni_passau.fim.se2.sbse.suite_minimisation.chromosomes.TestSuiteChromosomeTest" time="0.0"/>
  <testcase name="getSelectedTestIndicesCorrect" classname="de.uni_passau.fim.se2.sbse.suite_minimisation.chromosomes.TestSuiteChromosomeTest" time="0.0"/>
  <testcase name="chromosomesWithSameGenesAreEqual" classname="de.uni_passau.fim.se2.sbse.suite_minimisation.chromosomes.TestSuiteChromosomeTest" time="0.0"/>
  <testcase name="equalsDependsOnlyOnGenes" classname="de.uni_passau.fim.se2.sbse.suite_minimisation.chromosomes.TestSuiteChromosomeTest" time="0.0"/>
  <testcase name="getGenesReturnsCopyNotReference" classname="de.uni_passau.fim.se2.sbse.suite_minimisation.chromosomes.TestSuiteChromosomeTest" time="0.0"/>
  <testcase name="chromosomesWithDifferentGenesNotEqual" classname="de.uni_passau.fim.se2.sbse.suite_minimisation.chromosomes.TestSuiteChromosomeTest" time="0.001"/>
  <testcase name="equalsReturnsFalseForDifferentType" classname="de.uni_passau.fim.se2.sbse.suite_minimisation.chromosomes.TestSuiteChromosomeTest" time="0.0"/>
  <testcase name="numberOfSelectedTestsMatchesIndices" classname="de.uni_passau.fim.se2.sbse.suite_minimisation.chromosomes.TestSuiteChromosomeTest" time="0.0"/>
  <testcase name="chromosomeNeverEmptyEvenIfAllGenesFalse" classname="de.uni_passau.fim.se2.sbse.suite_minimisation.chromosomes.TestSuiteChromosomeTest" time="0.0"/>
  <testcase name="selfReturnsThis" classname="de.uni_passau.fim.se2.sbse.suite_minimisation.chromosomes.TestSuiteChromosomeTest" time="0.0"/>
  <testcase name="copyProducesEqualButIndependentChromosome" classname="de.uni_passau.fim.se2.sbse.suite_minimisation.chromosomes.TestSuiteChromosomeTest" time="0.0"/>
  <testcase name="lengthMatchesGeneArray" classname="de.uni_passau.fim.se2.sbse.suite_minimisation.chromosomes.TestSuiteChromosomeTest" time="0.0"/>
  <testcase name="mutateReturnsValidChromosome" classname="de.uni_passau.fim.se2.sbse.suite_minimisation.chromosomes.TestSuiteChromosomeTest" time="0.0"/>
</testsuite>